<?xml version="1.0" encoding="UTF-8"?>
<testsuite xmlns:xsi="http://www.w3.org/2001/XMLSchema-instance" xsi:noNamespaceSchemaLocation="https://maven.apache.org/surefire/maven-surefire-plugin/xsd/surefire-test-report.xsd" name="com.holidaysomething.holidaysomething.JDragon.repositoryTest.MemberTest" time="7.196" tests="11" errors="0" skipped="0" failures="0">
  <properties>
[...]
</properties>
  <testcase name="주문기간으로회원조회byDsl" classname="com.holidaysomething.holidaysomething.JDragon.repositoryTest.MemberTest" time="0.168"/>
  <testcase name="id로회원조회byDSL" classname="com.holidaysomething.holidaysomething.JDragon.repositoryTest.MemberTest" time="0.033"/>
  <testcase name="주문번호로회원조회" classname="com.holidaysomething.holidaysomething.JDragon.repositoryTest.MemberTest" time="0.017"/>
  <testcase name="검색조건여러개사용해서회원조회byDsl" classname="com.holidaysomething.holidaysomething.JDragon.repositoryTest.MemberTest" time="0.031"/>
  <testcase name="Orders조회하기" classname="com.holidaysomething.holidaysomething.JDragon.repositoryTest.MemberTest" time="0.028"/>
  <testcase name="name으로회원조회byDsl" classname="com.holidaysomething.holidaysomething.JDragon.repositoryTest.MemberTest" time="0.013"/>
  <testcase name="loginId로회원조회byDsl" classname="com.holidaysomething.holidaysomething.JDragon.repositoryTest.MemberTest" time="0.016"/>
  <testcase name="로그인아이디로주문회원조회" classname="com.holidaysomething.holidaysomething.JDragon.repositoryTest.MemberTest" time="0.007"/>
  <testcase name="주문코드으로회원조회byDsl" classname="com.holidaysomething.holidaysomething.JDragon.repositoryTest.MemberTest" time="0.009"/>
  <testcase name="productName으로회원조회byDsl" classname="com.holidaysomething.holidaysomething.JDragon.repositoryTest.MemberTest" time="0.015"/>
  <testcase name="사용자정보loginId로읽어들이기" classname="com.holidaysomething.holidaysomething.JDragon.repositoryTest.MemberTest" time="0.006"/>
</testsuite>